2022-08-20 12:27:23.065  INFO 11004 --- [restartedMain] com.codezmr.App01Application             : Starting App01Application using Java 1.8.0_301 on ZMR with PID 11004 (C:\Users\mdzam\git\Department-API\app01\target\classes started by mdzam in C:\Users\mdzam\git\Department-API\app01)
2022-08-20 12:27:23.066  INFO 11004 --- [restartedMain] com.codezmr.App01Application             : No active profile set, falling back to 1 default profile: "default"
2022-08-20 12:27:23.109  INFO 11004 --- [restartedMain] .e.DevToolsPropertyDefaultsPostProcessor : Devtools property defaults active! Set 'spring.devtools.add-properties' to 'false' to disable
2022-08-20 12:27:23.109  INFO 11004 --- [restartedMain] .e.DevToolsPropertyDefaultsPostProcessor : For additional web related logging consider setting the 'logging.level.web' property to 'DEBUG'
2022-08-20 12:27:23.655  INFO 11004 --- [restartedMain] .s.d.r.c.RepositoryConfigurationDelegate : Bootstrapping Spring Data JPA repositories in DEFAULT mode.
2022-08-20 12:27:23.710  INFO 11004 --- [restartedMain] .s.d.r.c.RepositoryConfigurationDelegate : Finished Spring Data repository scanning in 43 ms. Found 1 JPA repository interfaces.
2022-08-20 12:27:24.439  INFO 11004 --- [restartedMain] o.s.b.w.embedded.tomcat.TomcatWebServer  : Tomcat initialized with port(s): 8080 (http)
2022-08-20 12:27:24.451  INFO 11004 --- [restartedMain] o.apache.catalina.core.StandardService   : Starting service [Tomcat]
2022-08-20 12:27:24.451  INFO 11004 --- [restartedMain] org.apache.catalina.core.StandardEngine  : Starting Servlet engine: [Apache Tomcat/9.0.65]
2022-08-20 12:27:24.515  INFO 11004 --- [restartedMain] o.a.c.c.C.[Tomcat].[localhost].[/]       : Initializing Spring embedded WebApplicationContext
2022-08-20 12:27:24.515  INFO 11004 --- [restartedMain] w.s.c.ServletWebServerApplicationContext : Root WebApplicationContext: initialization completed in 1405 ms
2022-08-20 12:27:24.552  INFO 11004 --- [restartedMain] com.zaxxer.hikari.HikariDataSource       : HikariPool-1 - Starting...
2022-08-20 12:27:24.557  WARN 11004 --- [restartedMain] com.zaxxer.hikari.util.DriverDataSource  : Registered driver with driverClassName=com.mysql.jdbc.Driver was not found, trying direct instantiation.
2022-08-20 12:27:25.326  INFO 11004 --- [restartedMain] com.zaxxer.hikari.HikariDataSource       : HikariPool-1 - Start completed.
2022-08-20 12:27:25.337  INFO 11004 --- [restartedMain] o.s.b.a.h2.H2ConsoleAutoConfiguration    : H2 console available at '/h2-console'. Database available at 'jdbc:mysql://localhost:3306/depdb'
2022-08-20 12:27:25.435  INFO 11004 --- [restartedMain] o.hibernate.jpa.internal.util.LogHelper  : HHH000204: Processing PersistenceUnitInfo [name: default]
2022-08-20 12:27:25.491  INFO 11004 --- [restartedMain] org.hibernate.Version                    : HHH000412: Hibernate ORM core version 5.6.10.Final
2022-08-20 12:27:25.650  INFO 11004 --- [restartedMain] o.hibernate.annotations.common.Version   : HCANN000001: Hibernate Commons Annotations {5.1.2.Final}
2022-08-20 12:27:25.782  INFO 11004 --- [restartedMain] org.hibernate.dialect.Dialect            : HHH000400: Using dialect: org.hibernate.dialect.MySQL8Dialect
2022-08-20 12:27:26.541  INFO 11004 --- [restartedMain] o.h.e.t.j.p.i.JtaPlatformInitiator       : HHH000490: Using JtaPlatform implementation: [org.hibernate.engine.transaction.jta.platform.internal.NoJtaPlatform]
2022-08-20 12:27:26.549  INFO 11004 --- [restartedMain] j.LocalContainerEntityManagerFactoryBean : Initialized JPA EntityManagerFactory for persistence unit 'default'
2022-08-20 12:27:26.969  WARN 11004 --- [restartedMain] JpaBaseConfiguration$JpaWebConfiguration : spring.jpa.open-in-view is enabled by default. Therefore, database queries may be performed during view rendering. Explicitly configure spring.jpa.open-in-view to disable this warning
2022-08-20 12:27:27.241  INFO 11004 --- [restartedMain] o.s.b.d.a.OptionalLiveReloadServer       : LiveReload server is running on port 35729
2022-08-20 12:27:27.286  INFO 11004 --- [restartedMain] o.s.b.w.embedded.tomcat.TomcatWebServer  : Tomcat started on port(s): 8080 (http) with context path ''
2022-08-20 12:27:27.294  INFO 11004 --- [restartedMain] com.codezmr.App01Application             : Started App01Application in 4.565 seconds (JVM running for 5.571)
2022-08-20 12:28:47.559  INFO 11004 --- [http-nio-8080-exec-1] o.a.c.c.C.[Tomcat].[localhost].[/]       : Initializing Spring DispatcherServlet 'dispatcherServlet'
2022-08-20 12:28:47.559  INFO 11004 --- [http-nio-8080-exec-1] o.s.web.servlet.DispatcherServlet        : Initializing Servlet 'dispatcherServlet'
2022-08-20 12:28:47.561  INFO 11004 --- [http-nio-8080-exec-1] o.s.web.servlet.DispatcherServlet        : Completed initialization in 2 ms
2022-08-20 12:28:47.705  INFO 11004 --- [http-nio-8080-exec-1] c.c.controller.DepartmentController      : Inside saveDepartment of DepartmentController
2022-08-20 12:29:12.810  INFO 11004 --- [http-nio-8080-exec-3] c.c.controller.DepartmentController      : Inside saveDepartment of DepartmentController
2022-08-20 12:29:43.848  INFO 11004 --- [http-nio-8080-exec-4] c.c.controller.DepartmentController      : Inside saveDepartment of DepartmentController
2022-08-20 12:30:03.295  INFO 11004 --- [http-nio-8080-exec-5] c.c.controller.DepartmentController      : Inside saveDepartment of DepartmentController
2022-08-20 12:30:23.704  INFO 11004 --- [http-nio-8080-exec-6] c.c.controller.DepartmentController      : Inside saveDepartment of DepartmentController
2022-08-20 12:30:27.444  INFO 11004 --- [http-nio-8080-exec-7] c.c.controller.DepartmentController      : Inside fetchDepartmentList of DepartmentController
2022-08-20 12:30:34.421  INFO 11004 --- [http-nio-8080-exec-8] c.c.controller.DepartmentController      : Inside fetchDepartmentById of DepartmentController
2022-08-20 12:31:33.830  INFO 11004 --- [http-nio-8080-exec-9] c.c.controller.DepartmentController      : Inside updateDepartment of DepartmentController
2022-08-20 12:31:40.497  INFO 11004 --- [http-nio-8080-exec-10] c.c.controller.DepartmentController      : Inside fetchDepartmentById of DepartmentController
2022-08-20 12:36:18.009  INFO 11004 --- [File Watcher] rtingClassPathChangeChangedEventListener : Restarting due to 1 class path change (0 additions, 0 deletions, 1 modification)
2022-08-20 12:36:18.189  INFO 11004 --- [Thread-7] o.apache.catalina.core.StandardService   : Stopping service [Tomcat]
2022-08-20 12:36:18.191  INFO 11004 --- [Thread-7] o.a.c.c.C.[Tomcat].[localhost].[/]       : Destroying Spring FrameworkServlet 'dispatcherServlet'
2022-08-20 12:36:18.194  WARN 11004 --- [Thread-7] o.a.c.loader.WebappClassLoaderBase       : The web application [ROOT] appears to have started a thread named [HikariPool-1 housekeeper] but has failed to stop it. This is very likely to create a memory leak. Stack trace of thread:
 sun.misc.Unsafe.park(Native Method)
 java.util.concurrent.locks.LockSupport.parkNanos(LockSupport.java:215)
 java.util.concurrent.locks.AbstractQueuedSynchronizer$ConditionObject.awaitNanos(AbstractQueuedSynchronizer.java:2078)
 java.util.concurrent.ScheduledThreadPoolExecutor$DelayedWorkQueue.take(ScheduledThreadPoolExecutor.java:1093)
 java.util.concurrent.ScheduledThreadPoolExecutor$DelayedWorkQueue.take(ScheduledThreadPoolExecutor.java:809)
 java.util.concurrent.ThreadPoolExecutor.getTask(ThreadPoolExecutor.java:1074)
 java.util.concurrent.ThreadPoolExecutor.runWorker(ThreadPoolExecutor.java:1134)
 java.util.concurrent.ThreadPoolExecutor$Worker.run(ThreadPoolExecutor.java:624)
 java.lang.Thread.run(Thread.java:748)
2022-08-20 12:36:18.199  INFO 11004 --- [Thread-7] j.LocalContainerEntityManagerFactoryBean : Closing JPA EntityManagerFactory for persistence unit 'default'
2022-08-20 12:36:18.202  INFO 11004 --- [Thread-7] com.zaxxer.hikari.HikariDataSource       : HikariPool-1 - Shutdown initiated...
2022-08-20 12:36:18.214  INFO 11004 --- [Thread-7] com.zaxxer.hikari.HikariDataSource       : HikariPool-1 - Shutdown completed.
2022-08-20 12:36:18.405  INFO 11004 --- [restartedMain] com.codezmr.App01Application             : Starting App01Application using Java 1.8.0_301 on ZMR with PID 11004 (C:\Users\mdzam\git\Department-API\app01\target\classes started by mdzam in C:\Users\mdzam\git\Department-API\app01)
2022-08-20 12:36:18.406  INFO 11004 --- [restartedMain] com.codezmr.App01Application             : No active profile set, falling back to 1 default profile: "default"
2022-08-20 12:36:18.541  INFO 11004 --- [restartedMain] .s.d.r.c.RepositoryConfigurationDelegate : Bootstrapping Spring Data JPA repositories in DEFAULT mode.
2022-08-20 12:36:18.548  INFO 11004 --- [restartedMain] .s.d.r.c.RepositoryConfigurationDelegate : Finished Spring Data repository scanning in 6 ms. Found 1 JPA repository interfaces.
2022-08-20 12:36:18.652  INFO 11004 --- [restartedMain] o.s.b.w.embedded.tomcat.TomcatWebServer  : Tomcat initialized with port(s): 8080 (http)
2022-08-20 12:36:18.653  INFO 11004 --- [restartedMain] o.apache.catalina.core.StandardService   : Starting service [Tomcat]
2022-08-20 12:36:18.653  INFO 11004 --- [restartedMain] org.apache.catalina.core.StandardEngine  : Starting Servlet engine: [Apache Tomcat/9.0.65]
2022-08-20 12:36:18.664  INFO 11004 --- [restartedMain] o.a.c.c.C.[Tomcat].[localhost].[/]       : Initializing Spring embedded WebApplicationContext
2022-08-20 12:36:18.664  INFO 11004 --- [restartedMain] w.s.c.ServletWebServerApplicationContext : Root WebApplicationContext: initialization completed in 256 ms
2022-08-20 12:36:18.674  INFO 11004 --- [restartedMain] com.zaxxer.hikari.HikariDataSource       : HikariPool-2 - Starting...
2022-08-20 12:36:18.674  WARN 11004 --- [restartedMain] com.zaxxer.hikari.util.DriverDataSource  : Registered driver with driverClassName=com.mysql.jdbc.Driver was not found, trying direct instantiation.
2022-08-20 12:36:18.702  INFO 11004 --- [restartedMain] com.zaxxer.hikari.HikariDataSource       : HikariPool-2 - Start completed.
2022-08-20 12:36:18.702  INFO 11004 --- [restartedMain] o.s.b.a.h2.H2ConsoleAutoConfiguration    : H2 console available at '/h2-console'. Database available at 'jdbc:mysql://localhost:3306/depdb'
2022-08-20 12:36:18.720  INFO 11004 --- [restartedMain] o.hibernate.jpa.internal.util.LogHelper  : HHH000204: Processing PersistenceUnitInfo [name: default]
2022-08-20 12:36:18.724  INFO 11004 --- [restartedMain] org.hibernate.dialect.Dialect            : HHH000400: Using dialect: org.hibernate.dialect.MySQL8Dialect
2022-08-20 12:36:18.760  INFO 11004 --- [restartedMain] o.h.e.t.j.p.i.JtaPlatformInitiator       : HHH000490: Using JtaPlatform implementation: [org.hibernate.engine.transaction.jta.platform.internal.NoJtaPlatform]
2022-08-20 12:36:18.761  INFO 11004 --- [restartedMain] j.LocalContainerEntityManagerFactoryBean : Initialized JPA EntityManagerFactory for persistence unit 'default'
2022-08-20 12:36:18.825  WARN 11004 --- [restartedMain] JpaBaseConfiguration$JpaWebConfiguration : spring.jpa.open-in-view is enabled by default. Therefore, database queries may be performed during view rendering. Explicitly configure spring.jpa.open-in-view to disable this warning
2022-08-20 12:36:18.934  INFO 11004 --- [restartedMain] o.s.b.d.a.OptionalLiveReloadServer       : LiveReload server is running on port 35729
2022-08-20 12:36:18.948  INFO 11004 --- [restartedMain] o.s.b.w.embedded.tomcat.TomcatWebServer  : Tomcat started on port(s): 8080 (http) with context path ''
2022-08-20 12:36:18.953  INFO 11004 --- [restartedMain] com.codezmr.App01Application             : Started App01Application in 0.573 seconds (JVM running for 537.23)
2022-08-20 12:36:18.955  INFO 11004 --- [restartedMain] .ConditionEvaluationDeltaLoggingListener : Condition evaluation unchanged
2022-08-20 12:36:29.585  INFO 11004 --- [RMI TCP Connection(12)-127.0.0.1] inMXBeanRegistrar$SpringApplicationAdmin : Application shutdown requested.
2022-08-20 12:36:29.746  INFO 11004 --- [RMI TCP Connection(12)-127.0.0.1] o.apache.catalina.core.StandardService   : Stopping service [Tomcat]
2022-08-20 12:36:29.750  WARN 11004 --- [RMI TCP Connection(12)-127.0.0.1] o.a.c.loader.WebappClassLoaderBase       : The web application [ROOT] appears to have started a thread named [HikariPool-2 housekeeper] but has failed to stop it. This is very likely to create a memory leak. Stack trace of thread:
 sun.misc.Unsafe.park(Native Method)
 java.util.concurrent.locks.LockSupport.parkNanos(LockSupport.java:215)
 java.util.concurrent.locks.AbstractQueuedSynchronizer$ConditionObject.awaitNanos(AbstractQueuedSynchronizer.java:2078)
 java.util.concurrent.ScheduledThreadPoolExecutor$DelayedWorkQueue.take(ScheduledThreadPoolExecutor.java:1093)
 java.util.concurrent.ScheduledThreadPoolExecutor$DelayedWorkQueue.take(ScheduledThreadPoolExecutor.java:809)
 java.util.concurrent.ThreadPoolExecutor.getTask(ThreadPoolExecutor.java:1074)
 java.util.concurrent.ThreadPoolExecutor.runWorker(ThreadPoolExecutor.java:1134)
 java.util.concurrent.ThreadPoolExecutor$Worker.run(ThreadPoolExecutor.java:624)
 java.lang.Thread.run(Thread.java:748)
2022-08-20 12:36:29.755  INFO 11004 --- [RMI TCP Connection(12)-127.0.0.1] j.LocalContainerEntityManagerFactoryBean : Closing JPA EntityManagerFactory for persistence unit 'default'
2022-08-20 12:36:29.756  INFO 11004 --- [RMI TCP Connection(12)-127.0.0.1] com.zaxxer.hikari.HikariDataSource       : HikariPool-2 - Shutdown initiated...
2022-08-20 12:36:29.763  INFO 11004 --- [RMI TCP Connection(12)-127.0.0.1] com.zaxxer.hikari.HikariDataSource       : HikariPool-2 - Shutdown completed.
